  UI.c
c:\users\emy\desktop\seminar1_modularprogramming\seminar1_version3\ui.c(34): warning C4129: '*': unrecognized character escape sequence
c:\users\emy\desktop\seminar1_modularprogramming\seminar1_version3\ui.c(65): warning C4996: 'scanf': This function or variable may be unsafe. Consider using scanf_s instead. To disable deprecation, use _CRT_SECURE_NO_WARNINGS. See online help for details.
  c:\program files (x86)\windows kits\10\include\10.0.10240.0\ucrt\stdio.h(1270): note: see declaration of 'scanf'
c:\users\emy\desktop\seminar1_modularprogramming\seminar1_version3\ui.c(67): warning C4996: 'sscanf': This function or variable may be unsafe. Consider using sscanf_s instead. To disable deprecation, use _CRT_SECURE_NO_WARNINGS. See online help for details.
  c:\program files (x86)\windows kits\10\include\10.0.10240.0\ucrt\stdio.h(2254): note: see declaration of 'sscanf'
c:\users\emy\desktop\seminar1_modularprogramming\seminar1_version3\ui.c(86): warning C4267: 'initializing': conversion from 'size_t' to 'int', possible loss of data
c:\users\emy\desktop\seminar1_modularprogramming\seminar1_version3\ui.c(98): warning C4996: 'scanf': This function or variable may be unsafe. Consider using scanf_s instead. To disable deprecation, use _CRT_SECURE_NO_WARNINGS. See online help for details.
  c:\program files (x86)\windows kits\10\include\10.0.10240.0\ucrt\stdio.h(1270): note: see declaration of 'scanf'
c:\users\emy\desktop\seminar1_modularprogramming\seminar1_version3\ui.c(103): warning C4996: 'scanf': This function or variable may be unsafe. Consider using scanf_s instead. To disable deprecation, use _CRT_SECURE_NO_WARNINGS. See online help for details.
  c:\program files (x86)\windows kits\10\include\10.0.10240.0\ucrt\stdio.h(1270): note: see declaration of 'scanf'
c:\users\emy\desktop\seminar1_modularprogramming\seminar1_version3\ui.c(131): warning C4996: 'scanf': This function or variable may be unsafe. Consider using scanf_s instead. To disable deprecation, use _CRT_SECURE_NO_WARNINGS. See online help for details.
  c:\program files (x86)\windows kits\10\include\10.0.10240.0\ucrt\stdio.h(1270): note: see declaration of 'scanf'
  PlanetRepository.c
  Planet.c
c:\users\emy\desktop\seminar1_modularprogramming\seminar1_version3\planet.c(10): warning C4996: 'strcpy': This function or variable may be unsafe. Consider using strcpy_s instead. To disable deprecation, use _CRT_SECURE_NO_WARNINGS. See online help for details.
  c:\program files (x86)\windows kits\10\include\10.0.10240.0\ucrt\string.h(119): note: see declaration of 'strcpy'
c:\users\emy\desktop\seminar1_modularprogramming\seminar1_version3\planet.c(12): warning C4996: 'strcpy': This function or variable may be unsafe. Consider using strcpy_s instead. To disable deprecation, use _CRT_SECURE_NO_WARNINGS. See online help for details.
  c:\program files (x86)\windows kits\10\include\10.0.10240.0\ucrt\string.h(119): note: see declaration of 'strcpy'
c:\users\emy\desktop\seminar1_modularprogramming\seminar1_version3\planet.c(14): warning C4996: 'strcpy': This function or variable may be unsafe. Consider using strcpy_s instead. To disable deprecation, use _CRT_SECURE_NO_WARNINGS. See online help for details.
  c:\program files (x86)\windows kits\10\include\10.0.10240.0\ucrt\string.h(119): note: see declaration of 'strcpy'
c:\users\emy\desktop\seminar1_modularprogramming\seminar1_version3\planet.c(62): warning C4996: 'sprintf': This function or variable may be unsafe. Consider using sprintf_s instead. To disable deprecation, use _CRT_SECURE_NO_WARNINGS. See online help for details.
  c:\program files (x86)\windows kits\10\include\10.0.10240.0\ucrt\stdio.h(1769): note: see declaration of 'sprintf'
  OperationsStack.c
c:\users\emy\desktop\seminar1_modularprogramming\seminar1_version3\operationsstack.c(14): warning C4996: 'strcpy': This function or variable may be unsafe. Consider using strcpy_s instead. To disable deprecation, use _CRT_SECURE_NO_WARNINGS. See online help for details.
  c:\program files (x86)\windows kits\10\include\10.0.10240.0\ucrt\string.h(119): note: see declaration of 'strcpy'
c:\users\emy\desktop\seminar1_modularprogramming\seminar1_version3\operationsstack.c(128): warning C4047: 'function': 'OperationsStack *' differs in levels of indirection from 'OperationsStack **'
c:\users\emy\desktop\seminar1_modularprogramming\seminar1_version3\operationsstack.c(128): warning C4024: 'isFull': different types for formal and actual parameter 1
c:\users\emy\desktop\seminar1_modularprogramming\seminar1_version3\operationsstack.c(129): warning C4047: 'function': 'OperationsStack *' differs in levels of indirection from 'OperationsStack **'
c:\users\emy\desktop\seminar1_modularprogramming\seminar1_version3\operationsstack.c(129): warning C4024: 'isEmpty': different types for formal and actual parameter 1
  main.c
  DynamicArray.c
c:\users\emy\desktop\seminar1_modularprogramming\seminar1_version3\dynamicarray.c(115): warning C4013: 'strcmp' undefined; assuming extern returning int
  Controller.c
c:\users\emy\desktop\seminar1_modularprogramming\seminar1_version3\controller.c(84): warning C4996: 'strcpy': This function or variable may be unsafe. Consider using strcpy_s instead. To disable deprecation, use _CRT_SECURE_NO_WARNINGS. See online help for details.
  c:\program files (x86)\windows kits\10\include\10.0.10240.0\ucrt\string.h(119): note: see declaration of 'strcpy'
  Generating Code...
  Seminar1_Version3.vcxproj -> C:\Users\Emy\Desktop\Seminar1_ModularProgramming\x64\Debug\Seminar1_Version3.exe
  Seminar1_Version3.vcxproj -> C:\Users\Emy\Desktop\Seminar1_ModularProgramming\x64\Debug\Seminar1_Version3.pdb (Partial PDB)
