  main.c
  UI.c
c:\users\emy\desktop\oop\seminar1_modularprogramming\seminar1_version2\ui.c(6): warning C4013: 'malloc' undefined; assuming extern returning int
c:\users\emy\desktop\oop\seminar1_modularprogramming\seminar1_version2\ui.c(17): warning C4013: 'free' undefined; assuming extern returning int
c:\users\emy\desktop\oop\seminar1_modularprogramming\seminar1_version2\ui.c(32): warning C4129: '*': unrecognized character escape sequence
c:\users\emy\desktop\oop\seminar1_modularprogramming\seminar1_version2\ui.c(63): warning C4996: 'scanf': This function or variable may be unsafe. Consider using scanf_s instead. To disable deprecation, use _CRT_SECURE_NO_WARNINGS. See online help for details.
  c:\program files (x86)\windows kits\10\include\10.0.10240.0\ucrt\stdio.h(1270): note: see declaration of 'scanf'
c:\users\emy\desktop\oop\seminar1_modularprogramming\seminar1_version2\ui.c(65): warning C4996: 'sscanf': This function or variable may be unsafe. Consider using sscanf_s instead. To disable deprecation, use _CRT_SECURE_NO_WARNINGS. See online help for details.
  c:\program files (x86)\windows kits\10\include\10.0.10240.0\ucrt\stdio.h(2254): note: see declaration of 'sscanf'
c:\users\emy\desktop\oop\seminar1_modularprogramming\seminar1_version2\ui.c(80): warning C4996: 'scanf': This function or variable may be unsafe. Consider using scanf_s instead. To disable deprecation, use _CRT_SECURE_NO_WARNINGS. See online help for details.
  c:\program files (x86)\windows kits\10\include\10.0.10240.0\ucrt\stdio.h(1270): note: see declaration of 'scanf'
c:\users\emy\desktop\oop\seminar1_modularprogramming\seminar1_version2\ui.c(82): warning C4996: 'scanf': This function or variable may be unsafe. Consider using scanf_s instead. To disable deprecation, use _CRT_SECURE_NO_WARNINGS. See online help for details.
  c:\program files (x86)\windows kits\10\include\10.0.10240.0\ucrt\stdio.h(1270): note: see declaration of 'scanf'
c:\users\emy\desktop\oop\seminar1_modularprogramming\seminar1_version2\ui.c(84): warning C4996: 'scanf': This function or variable may be unsafe. Consider using scanf_s instead. To disable deprecation, use _CRT_SECURE_NO_WARNINGS. See online help for details.
  c:\program files (x86)\windows kits\10\include\10.0.10240.0\ucrt\stdio.h(1270): note: see declaration of 'scanf'
c:\users\emy\desktop\oop\seminar1_modularprogramming\seminar1_version2\ui.c(86): warning C4996: 'scanf': This function or variable may be unsafe. Consider using scanf_s instead. To disable deprecation, use _CRT_SECURE_NO_WARNINGS. See online help for details.
  c:\program files (x86)\windows kits\10\include\10.0.10240.0\ucrt\stdio.h(1270): note: see declaration of 'scanf'
c:\users\emy\desktop\oop\seminar1_modularprogramming\seminar1_version2\ui.c(114): warning C4996: 'scanf': This function or variable may be unsafe. Consider using scanf_s instead. To disable deprecation, use _CRT_SECURE_NO_WARNINGS. See online help for details.
  c:\program files (x86)\windows kits\10\include\10.0.10240.0\ucrt\stdio.h(1270): note: see declaration of 'scanf'
  PlanetRepository.c
c:\users\emy\desktop\oop\seminar1_modularprogramming\seminar1_version2\planetrepository.c(8): warning C4013: 'malloc' undefined; assuming extern returning int
c:\users\emy\desktop\oop\seminar1_modularprogramming\seminar1_version2\planetrepository.c(19): warning C4013: 'free' undefined; assuming extern returning int
  Controller.c
c:\users\emy\desktop\oop\seminar1_modularprogramming\seminar1_version2\controller.c(6): warning C4013: 'malloc' undefined; assuming extern returning int
c:\users\emy\desktop\oop\seminar1_modularprogramming\seminar1_version2\controller.c(17): warning C4013: 'free' undefined; assuming extern returning int
  Generating Code...
  Seminar1_Version2.vcxproj -> C:\Users\Emy\Desktop\OOP\Seminar1_ModularProgramming\Debug\Seminar1_Version2.exe
  Seminar1_Version2.vcxproj -> C:\Users\Emy\Desktop\OOP\Seminar1_ModularProgramming\Debug\Seminar1_Version2.pdb (Partial PDB)
